nohup: ignoring input

  .   ____          _            __ _ _
 /\\ / ___'_ __ _ _(_)_ __  __ _ \ \ \ \
( ( )\___ | '_ | '_| | '_ \/ _` | \ \ \ \
 \\/  ___)| |_)| | | | | || (_| |  ) ) ) )
  '  |____| .__|_| |_|_| |_\__, | / / / /
 =========|_|==============|___/=/_/_/_/
 :: Spring Boot ::        (v2.0.5.RELEASE)

2018-09-27 13:31:27.965  INFO 15044 --- [           main] com.infoland.SpringbootWlanApplication   : Starting SpringbootWlanApplication v0.0.1-SNAPSHOT on SurfaceTNT with PID 15044 (D:\WorkVsCode\electron-demo1\app\war\wire.war started by LYH in D:\WorkVsCode\electron-demo1\app\war)
2018-09-27 13:31:27.975  INFO 15044 --- [           main] com.infoland.SpringbootWlanApplication   : No active profile set, falling back to default profiles: default
2018-09-27 13:31:28.009  INFO 15044 --- [           main] ConfigServletWebServerApplicationContext : Refreshing org.springframework.boot.web.servlet.context.AnnotationConfigServletWebServerApplicationContext@65e579dc: startup date [Thu Sep 27 13:31:28 CST 2018]; root of context hierarchy
2018-09-27 13:31:29.464  INFO 15044 --- [           main] o.s.b.w.embedded.tomcat.TomcatWebServer  : Tomcat initialized with port(s): 9527 (http)
2018-09-27 13:31:29.485  INFO 15044 --- [           main] o.apache.catalina.core.StandardService   : Starting service [Tomcat]
2018-09-27 13:31:29.485  INFO 15044 --- [           main] org.apache.catalina.core.StandardEngine  : Starting Servlet Engine: Apache Tomcat/8.5.34
2018-09-27 13:31:29.507  INFO 15044 --- [ost-startStop-1] o.a.catalina.core.AprLifecycleListener   : The APR based Apache Tomcat Native library which allows optimal performance in production environments was not found on the java.library.path: [C:\Program Files (x86)\Common Files\Oracle\Java\javapath;C:\WINDOWS\Sun\Java\bin;C:\WINDOWS\system32;C:\WINDOWS;C:\Users\TT\bin;D:\Git\mingw64\bin;D:\Git\usr\local\bin;D:\Git\usr\bin;D:\Git\usr\bin;D:\Git\mingw64\bin;D:\Git\usr\bin;C:\Users\TT\bin;C:\Program Files (x86)\Common Files\Oracle\Java\javapath;D:\Python\Scripts;D:\Python;C:\ProgramData\Oracle\Java\javapath;C:\WINDOWS\system32;C:\WINDOWS;C:\WINDOWS\System32\Wbem;C:\WINDOWS\System32\WindowsPowerShell\v1.0;C:\Program Files\Intel\WiFi\bin;C:\Program Files\Common Files\Intel\WirelessCommon;C:\WINDOWS\System32\OpenSSH;D:\JDK\bin;D:\JDK\jre\bin;C:\Program Files\Microsoft SQL Server\Client SDK\ODBC\130\Tools\Binn;C:\Program Files (x86)\Microsoft SQL Server\140\Tools\Binn;C:\Program Files\Microsoft SQL Server\140\Tools\Binn;C:\Program Files\Microsoft SQL Server\140\DTS\Binn;C:\Program Files (x86)\Microsoft SQL Server\Client SDK\ODBC\130\Tools\Binn;C:\Program Files (x86)\Microsoft SQL Server\140\DTS\Binn;C:\Program Files (x86)\Microsoft SQL Server\140\Tools\Binn\ManagementStudio;D:\Android\Sdk\platform-tools;D:\nodejs;D:\Git\cmd;D:\Android\Sdk\platform-tools;D:\Android\Sdk\tools;D:\Android\Sdk;D:\Microsoft VS Code\bin;$NODE_PATH;D:\apache-maven-3.5.3\bin;D:\MongoDB\bin;C:\Users\TT\AppData\Local\Microsoft\WindowsApps;C:\Users\TT\AppData\Roaming\npm;D:\Git\usr\bin\vendor_perl;D:\Git\usr\bin\core_perl;.]
2018-09-27 13:31:30.101  INFO 15044 --- [ost-startStop-1] o.a.c.c.C.[Tomcat].[localhost].[/]       : Initializing Spring embedded WebApplicationContext
2018-09-27 13:31:30.101  INFO 15044 --- [ost-startStop-1] o.s.web.context.ContextLoader            : Root WebApplicationContext: initialization completed in 2092 ms
2018-09-27 13:31:30.155  INFO 15044 --- [ost-startStop-1] o.s.b.w.servlet.ServletRegistrationBean  : Servlet dispatcherServlet mapped to [/]
2018-09-27 13:31:30.165  INFO 15044 --- [ost-startStop-1] o.s.b.w.servlet.FilterRegistrationBean   : Mapping filter: 'characterEncodingFilter' to: [/*]
2018-09-27 13:31:30.165  INFO 15044 --- [ost-startStop-1] o.s.b.w.servlet.FilterRegistrationBean   : Mapping filter: 'hiddenHttpMethodFilter' to: [/*]
2018-09-27 13:31:30.165  INFO 15044 --- [ost-startStop-1] o.s.b.w.servlet.FilterRegistrationBean   : Mapping filter: 'httpPutFormContentFilter' to: [/*]
2018-09-27 13:31:30.165  INFO 15044 --- [ost-startStop-1] o.s.b.w.servlet.FilterRegistrationBean   : Mapping filter: 'requestContextFilter' to: [/*]
2018-09-27 13:31:30.312  INFO 15044 --- [           main] o.s.w.s.handler.SimpleUrlHandlerMapping  : Mapped URL path [/**/favicon.ico] onto handler of type [class org.springframework.web.servlet.resource.ResourceHttpRequestHandler]
2018-09-27 13:31:30.455  INFO 15044 --- [           main] s.w.s.m.m.a.RequestMappingHandlerAdapter : Looking for @ControllerAdvice: org.springframework.boot.web.servlet.context.AnnotationConfigServletWebServerApplicationContext@65e579dc: startup date [Thu Sep 27 13:31:28 CST 2018]; root of context hierarchy
2018-09-27 13:31:30.528  INFO 15044 --- [           main] s.w.s.m.m.a.RequestMappingHandlerMapping : Mapped "{[/close]}" onto public void com.infoland.controller.MainController.after()
2018-09-27 13:31:30.528  INFO 15044 --- [           main] s.w.s.m.m.a.RequestMappingHandlerMapping : Mapped "{[/start]}" onto public com.alibaba.fastjson.JSONObject com.infoland.controller.MainController.before()
2018-09-27 13:31:30.528  INFO 15044 --- [           main] s.w.s.m.m.a.RequestMappingHandlerMapping : Mapped "{[/intercept]}" onto public com.alibaba.fastjson.JSONObject com.infoland.controller.MainController.start()
2018-09-27 13:31:30.529  INFO 15044 --- [           main] s.w.s.m.m.a.RequestMappingHandlerMapping : Mapped "{[/setFilter]}" onto public void com.infoland.controller.MainController.setFilter(java.lang.String)
2018-09-27 13:31:30.529  INFO 15044 --- [           main] s.w.s.m.m.a.RequestMappingHandlerMapping : Mapped "{[/choose]}" onto public java.lang.String com.infoland.controller.MainController.choose(int)
2018-09-27 13:31:30.532  INFO 15044 --- [           main] s.w.s.m.m.a.RequestMappingHandlerMapping : Mapped "{[/error]}" onto public org.springframework.http.ResponseEntity<java.util.Map<java.lang.String, java.lang.Object>> org.springframework.boot.autoconfigure.web.servlet.error.BasicErrorController.error(javax.servlet.http.HttpServletRequest)
2018-09-27 13:31:30.533  INFO 15044 --- [           main] s.w.s.m.m.a.RequestMappingHandlerMapping : Mapped "{[/error],produces=[text/html]}" onto public org.springframework.web.servlet.ModelAndView org.springframework.boot.autoconfigure.web.servlet.error.BasicErrorController.errorHtml(javax.servlet.http.HttpServletRequest,javax.servlet.http.HttpServletResponse)
2018-09-27 13:31:30.558  INFO 15044 --- [           main] o.s.w.s.handler.SimpleUrlHandlerMapping  : Mapped URL path [/webjars/**] onto handler of type [class org.springframework.web.servlet.resource.ResourceHttpRequestHandler]
2018-09-27 13:31:30.558  INFO 15044 --- [           main] o.s.w.s.handler.SimpleUrlHandlerMapping  : Mapped URL path [/**] onto handler of type [class org.springframework.web.servlet.resource.ResourceHttpRequestHandler]
2018-09-27 13:31:30.694  INFO 15044 --- [           main] o.s.j.e.a.AnnotationMBeanExporter        : Registering beans for JMX exposure on startup
2018-09-27 13:31:30.740  INFO 15044 --- [           main] o.s.b.w.embedded.tomcat.TomcatWebServer  : Tomcat started on port(s): 9527 (http) with context path ''
2018-09-27 13:31:30.820  INFO 15044 --- [           main] com.infoland.SpringbootWlanApplication   : Started SpringbootWlanApplication in 3.215 seconds (JVM running for 3.628)
